Skip to content
Search or jump to…

Pull requests
Issues
Marketplace
Explore
 
@StanislavvS 
Learn Git and GitHub without any code!
Using the Hello World guide, you’ll start a branch, write comments, and open a pull request.


mateuszkulapl
/
library
1
00
Code
Issues
Pull requests
Actions
Projects
Wiki
Security
Insights
library/private/debug.log
@StanislavvS
StanislavvS Create repo
Latest commit 62231f6 3 hours ago
 History
 1 contributor
84 lines (81 sloc)  4.68 KB
  
2021-01-17 13:14:07	can not create pdo connection. PDO create error: SQLSTATE[HY000] [2002] No connection could be made because the target machine actively refused it.

2021-01-17 13:24:50	can not create pdo connection. PDO create error: SQLSTATE[HY000] [2002] No connection could be made because the target machine actively refused it.

2021-01-17 13:36:52	getAllBooks execute returned false: 
2021-01-17 13:36:56	getAllUsers execute returned false: 
2021-01-17 13:37:03	getAllBooks execute returned false: 
2021-01-17 13:38:25	getAllBooks execute returned false: 
2021-01-17 13:38:27	getAllBooks execute returned false: 
2021-01-17 13:38:29	getAllBooks execute returned false: 
2021-01-17 13:38:32	getAllUsers execute returned false: 
2021-01-17 13:45:44	getAllUsers execute returned false: 
2021-01-17 13:45:54	getAllUsers execute returned false: 
2021-01-18 17:09:46	getAllUsers execute returned false: 
2021-01-18 17:12:12	getAllUsers execute returned false: 
2021-01-18 17:12:24	getAllUsers execute returned false: 
2021-01-18 17:13:10	getAllUsers execute returned false: 
2021-01-18 17:13:13	getAllUsers execute returned false: 
2021-01-18 17:13:13	getAllUsers execute returned false: 
2021-01-18 17:13:14	getAllUsers execute returned false: 
2021-01-18 17:13:17	getAllUsers execute returned false: 
2021-01-18 17:32:05	deleteBookBorrows execute returned false: 
2021-01-18 17:32:09	deleteBookBorrows execute returned false: 
2021-01-18 17:32:10	deleteBookBorrows execute returned false: 
2021-01-18 17:32:18	deleteUserBorrows execute returned false: 
2021-01-18 17:33:11	cannot insert book.
2021-01-18 18:25:34	cannot insert book.
2021-01-18 18:30:58	cannot insert user. login: sobcs
2021-01-18 18:30:58	can not add user
2021-01-18 18:31:55	cannot insert user. login: sobcs
2021-01-18 18:31:55	can not add user
2021-01-18 18:35:19	cannot insert user. login: sobcs
2021-01-18 18:35:19	can not add user
2021-01-18 18:39:46	cannot insert user. login: sobcs
2021-01-18 18:39:46	can not add user
2021-01-18 18:44:07	cannot insert user. login: sobcs
2021-01-18 18:44:07	can not add user
2021-01-18 18:56:57	deleteUserBorrows execute returned false: 
2021-01-18 18:57:27	cannot insert user. login: krupix
2021-01-18 18:57:27	can not add user
2021-01-18 19:03:35	cannot insert book.
2021-01-18 19:40:38	deleteUserBorrows execute returned false: 
2021-02-20 15:15:45	cannot insert book.
2021-02-20 15:16:14	cannot insert book.
2021-02-20 15:16:22	cannot insert book.
2021-02-20 15:19:18	cannot insert book.
2021-02-20 15:19:19	cannot insert book.
2021-02-20 15:19:21	cannot insert book.
2021-02-20 15:19:24	cannot insert book.
2021-02-20 15:19:27	cannot insert book.
2021-02-20 15:19:31	cannot insert book.
2021-02-20 15:20:29	cannot insert book.
2021-02-20 15:20:35	cannot insert book.
2021-02-20 15:21:48	cannot insert book.
2021-02-20 18:20:06	deleteBookBorrows execute returned false: 
2021-02-24 15:11:01	deleteBookBorrows execute returned false: 
2021-02-24 15:11:02	deleteBookBorrows execute returned false: 
2021-02-24 15:11:03	deleteBookBorrows execute returned false: 
2021-02-24 15:11:04	deleteBookBorrows execute returned false: 
2021-02-24 15:11:04	deleteBookBorrows execute returned false: 
2021-02-24 15:11:04	deleteBookBorrows execute returned false: 
2021-02-24 15:11:05	deleteBookBorrows execute returned false: 
2021-02-24 15:11:05	deleteBookBorrows execute returned false: 
2021-02-24 15:11:05	deleteBookBorrows execute returned false: 
2021-02-24 15:11:06	deleteBookBorrows execute returned false: 
2021-02-24 15:11:06	deleteBookBorrows execute returned false: 
2021-02-24 15:11:06	deleteBookBorrows execute returned false: 
2021-02-24 15:11:07	deleteBookBorrows execute returned false: 
2021-02-24 15:11:07	deleteBookBorrows execute returned false: 
2021-02-24 15:11:08	deleteBookBorrows execute returned false: 
2021-02-24 15:11:08	deleteBookBorrows execute returned false: 
2021-02-24 15:11:08	deleteBookBorrows execute returned false: 
2021-02-24 15:11:09	deleteBookBorrows execute returned false: 
2021-02-24 16:26:05	cannot update author id: 3
2021-02-24 16:46:41	cannot update author id: 3
2021-02-24 16:49:10	cannot update author id: 3
2021-02-24 16:50:08	cannot update author id: 3
2021-02-24 16:51:23	cannot update author id: 3
2021-02-24 16:52:14	cannot update author id: 3
2021-02-24 19:06:07	cannot update publishinghouse id: &lt;br /&gt;
&lt;b&gt;Notice&lt;/b&gt;:  Undefined variable: wydwnictwoToEdit in &lt;b&gt;C:\xampp\htdocs\library-kategoria\views\edit-publishinghouse.php&lt;/b&gt; on line &lt;b&gt;23&lt;/b&gt;&lt;br /&gt;
&lt;br /&gt;
&lt;b&gt;Notice&lt;/b&gt;:  Trying to access array offset on value of type null in &lt;b&gt;C:\xampp\htdocs\library-kategoria\views\edit-publishinghouse.php&lt;/b&gt; on line &lt;b&gt;23&lt;/b&gt;&lt;br /&gt;


2021-02-24 23:45:10	getAllBooks execute returned false: 
2021-02-25 09:13:39	cannot insert book.
2021-02-25 09:16:02	cannot insert book.
2021-02-25 09:51:32	cannot insert book.
2021-02-25 10:36:12	cannot insert book.
2021-02-25 15:04:37	cannot insert book.
2021-02-25 15:14:51	cannot insert book.
2021-02-25 15:16:06	cannot insert book.
2021-02-25 15:16:55	cannot insert book.
2021-02-25 15:20:27	cannot insert book.
2021-02-25 15:23:23	cannot insert book.
2021-02-25 15:25:41	cannot insert book.
2021-02-25 15:26:37	cannot insert book.
2021-02-25 15:27:03	cannot insert book.
2021-02-25 15:31:23	cannot insert book.
2021-02-25 15:33:29	cannot insert book.
2021-02-25 15:36:43	cannot insert book.
2021-02-25 15:36:57	cannot insert book.
2021-02-25 15:39:38	cannot insert book.
2021-02-25 16:09:42	cannot insert book.
2021-02-25 16:13:07	cannot insert book.
2021-02-25 16:17:48	cannot insert book.
2021-02-25 16:19:26	cannot insert book.
2021-02-25 16:20:27	cannot insert book.
2021-02-25 16:27:50	cannot insert book.
2021-02-25 16:28:31	cannot insert book.
2021-02-25 16:29:21	cannot insert book.
2021-02-25 16:31:35	cannot insert book.
2021-02-25 16:35:47	cannot insert book.
2021-02-25 16:35:52	cannot insert book.
2021-02-25 16:36:03	cannot insert book.
2021-02-25 16:37:08	cannot insert book.
2021-02-25 16:37:33	cannot insert book.
2021-02-25 17:00:46	getBook execute returned false: 
2021-02-25 17:01:32	getBook execute returned false: 
2021-02-25 17:02:59	getBook execute returned false: 
2021-02-25 17:05:03	getBook execute returned false: 
2021-02-25 17:05:19	getBook execute returned false: 
2021-02-25 17:05:49	getBook execute returned false: 
2021-02-25 17:17:48	cannot insert book.
2021-02-25 17:18:19	cannot insert book.
2021-02-25 17:19:11	cannot insert book.
2021-02-25 17:19:35	cannot insert book.
2021-02-25 17:20:38	cannot insert book.
2021-02-25 17:20:54	cannot insert book.
2021-02-25 17:23:22	cannot insert book.
2021-02-25 17:24:57	cannot insert book.
2021-02-25 17:27:02	cannot insert book.
2021-02-25 17:28:24	cannot insert book.
2021-02-25 17:29:50	cannot insert book.
2021-02-25 17:35:02	cannot insert book.
2021-02-25 17:35:17	cannot insert book.
2021-02-25 17:39:12	cannot insert book.
2021-02-25 17:39:31	cannot insert book.
2021-02-25 17:39:47	cannot insert book.
2021-02-25 17:42:14	cannot insert book.
2021-02-25 17:43:17	cannot insert book.
2021-02-25 17:46:18	cannot insert book.
2021-02-25 17:47:09	cannot insert book.
2021-02-25 17:48:42	cannot insert book.
2021-02-25 17:48:42	cannot insert book.
2021-02-25 17:51:22	cannot insert book.
2021-02-25 17:51:22	cannot insert book.
2021-02-25 17:56:19	cannot insert book.
2021-02-25 17:56:19	cannot insert book.
2021-02-25 19:04:02	INSERT INTO autorzyksiazek execute returned false: 
2021-02-25 19:04:03	INSERT INTO autorzyksiazek execute returned false: 
2021-02-25 19:04:03	INSERT INTO autorzyksiazek execute returned false: 
2021-02-25 19:04:03	INSERT INTO autorzyksiazek execute returned false: 
2021-02-25 19:04:03	INSERT INTO autorzyksiazek execute returned false: 
2021-02-25 19:05:58	INSERT INTO autorzyksiazek execute returned false: 
2021-02-25 19:05:58	INSERT INTO autorzyksiazek execute returned false: 
2021-02-25 19:05:58	INSERT INTO autorzyksiazek execute returned false: 
2021-02-25 19:05:58	INSERT INTO autorzyksiazek execute returned false: 
2021-02-25 19:05:58	INSERT INTO autorzyksiazek execute returned false: 
2021-02-25 19:07:50	INSERT INTO autorzyksiazek execute returned false: 
2021-02-25 19:07:50	INSERT INTO autorzyksiazek execute returned false: 
2021-02-25 19:07:50	INSERT INTO autorzyksiazek execute returned false: 
2021-02-25 19:07:50	INSERT INTO autorzyksiazek execute returned false: 
2021-02-25 19:07:50	INSERT INTO autorzyksiazek execute returned false: 
2021-02-25 19:10:38	INSERT INTO autorzyksiazek execute returned false: 
2021-02-25 19:10:38	INSERT INTO autorzyksiazek execute returned false: 
2021-02-25 19:10:38	INSERT INTO autorzyksiazek execute returned false: 
2021-02-25 19:10:38	INSERT INTO autorzyksiazek execute returned false: 
2021-02-25 19:10:38	INSERT INTO autorzyksiazek execute returned false: 
